Performing C SOURCE FILE Test CMAKE_HAVE_LIBC_PTHREAD failed with the following output:
Change Dir: /home/demesta/Documents/syspro3/whoServer/cmake-build-debug/CMakeFiles/CMakeTmp

Run Build Command(s):/usr/bin/make cmTC_fb4f8/fast && /usr/bin/make -f CMakeFiles/cmTC_fb4f8.dir/build.make CMakeFiles/cmTC_fb4f8.dir/build
make[1]: Entering directory '/home/demesta/Documents/syspro3/whoServer/cmake-build-debug/CMakeFiles/CMakeTmp'
Building C object CMakeFiles/cmTC_fb4f8.dir/src.c.o
/usr/bin/cc   -DCMAKE_HAVE_LIBC_PTHREAD   -o CMakeFiles/cmTC_fb4f8.dir/src.c.o   -c /home/demesta/Documents/syspro3/whoServer/cmake-build-debug/CMakeFiles/CMakeTmp/src.c
Linking C executable cmTC_fb4f8
/home/demesta/.local/share/JetBrains/Toolbox/apps/CLion/ch-0/201.7223.86/bin/cmake/linux/bin/cmake -E cmake_link_script CMakeFiles/cmTC_fb4f8.dir/link.txt --verbose=1
/usr/bin/cc  -DCMAKE_HAVE_LIBC_PTHREAD    CMakeFiles/cmTC_fb4f8.dir/src.c.o  -o cmTC_fb4f8 
/usr/bin/ld: CMakeFiles/cmTC_fb4f8.dir/src.c.o: in function `main':
src.c:(.text+0x3e): undefined reference to `pthread_create'
/usr/bin/ld: src.c:(.text+0x4a): undefined reference to `pthread_detach'
/usr/bin/ld: src.c:(.text+0x5b): undefined reference to `pthread_join'
collect2: error: ld returned 1 exit status
make[1]: *** [CMakeFiles/cmTC_fb4f8.dir/build.make:87: cmTC_fb4f8] Error 1
make[1]: Leaving directory '/home/demesta/Documents/syspro3/whoServer/cmake-build-debug/CMakeFiles/CMakeTmp'
make: *** [Makefile:121: cmTC_fb4f8/fast] Error 2


Source file was:
#include <pthread.h>

void* test_func(void* data)
{
  return data;
}

int main(void)
{
  pthread_t thread;
  pthread_create(&thread, NULL, test_func, NULL);
  pthread_detach(thread);
  pthread_join(thread, NULL);
  pthread_atfork(NULL, NULL, NULL);
  pthread_exit(NULL);

  return 0;
}

